info: ::1 - - [15/May/2023:06:38:21 +0000] "POST /api/v1/users HTTP/1.1" 500 60 "-" "PostmanRuntime/7.32.2"

info: ::1 - - [15/May/2023:06:40:30 +0000] "POST /api/v1/users HTTP/1.1" 201 223 "-" "PostmanRuntime/7.32.2"

info: ::1 - - [15/May/2023:06:41:07 +0000] "GET /api/v1/users HTTP/1.1" 200 230 "-" "PostmanRuntime/7.32.2"

info: ::1 - - [15/May/2023:06:44:38 +0000] "GET /api/v1/users/1 HTTP/1.1" 400 56 "-" "PostmanRuntime/7.32.2"

info: ::1 - - [15/May/2023:06:45:40 +0000] "GET /api/v1/users/1 HTTP/1.1" 200 223 "-" "PostmanRuntime/7.32.2"

info: ::1 - - [15/May/2023:07:04:16 +0000] "GET /api/v1/users/1 HTTP/1.1" 200 223 "-" "PostmanRuntime/7.32.2"

info: ::1 - - [15/May/2023:07:04:24 +0000] "POST /api/v1/users HTTP/1.1" 201 221 "-" "PostmanRuntime/7.32.2"

info: ::1 - - [15/May/2023:07:05:36 +0000] "PUT /api/v1/users/2 HTTP/1.1" 202 82 "-" "PostmanRuntime/7.32.2"

info: ::1 - - [15/May/2023:07:06:07 +0000] "DELETE /api/v1/users/2 HTTP/1.1" 200 60 "-" "PostmanRuntime/7.32.2"

info: ::1 - - [15/May/2023:07:07:43 +0000] "DELETE /api/v1/users/2 HTTP/1.1" 200 60 "-" "PostmanRuntime/7.32.2"

info: ::1 - - [15/May/2023:07:08:21 +0000] "DELETE /api/v1/users HTTP/1.1" 404 47 "-" "PostmanRuntime/7.32.2"

info: ::1 - - [15/May/2023:07:08:27 +0000] "DELETE /api/v1/users/1 HTTP/1.1" 200 60 "-" "PostmanRuntime/7.32.2"

info: ::1 - - [15/May/2023:07:25:06 +0000] "GET /api/v1/users/1 HTTP/1.1" 500 71 "-" "PostmanRuntime/7.32.2"

info: ::1 - - [15/May/2023:07:25:43 +0000] "GET /api/v1/users/1 HTTP/1.1" 500 66 "-" "PostmanRuntime/7.32.2"

info: ::1 - - [15/May/2023:07:26:11 +0000] "GET /api/v1/users/1 HTTP/1.1" 200 223 "-" "PostmanRuntime/7.32.2"

info: ::1 - - [15/May/2023:07:26:45 +0000] "GET /api/v1/users/1 HTTP/1.1" 200 1310 "-" "PostmanRuntime/7.32.2"

info: ::1 - - [15/May/2023:07:27:27 +0000] "GET /api/v1/users/1 HTTP/1.1" 200 1310 "-" "PostmanRuntime/7.32.2"

info: ::1 - - [15/May/2023:07:28:09 +0000] "GET /api/v1/users/1 HTTP/1.1" 200 1310 "-" "PostmanRuntime/7.32.2"

info: ::1 - - [15/May/2023:07:29:44 +0000] "GET /api/v1/users/1 HTTP/1.1" 200 50 "-" "PostmanRuntime/7.32.2"

info: ::1 - - [15/May/2023:07:30:04 +0000] "GET /api/v1/users/1 HTTP/1.1" 200 1310 "-" "PostmanRuntime/7.32.2"

info: ::1 - - [15/May/2023:07:30:37 +0000] "GET /api/v1/users/2 HTTP/1.1" 200 1308 "-" "PostmanRuntime/7.32.2"

info: ::1 - - [15/May/2023:07:31:28 +0000] "GET /api/v1/users/2 HTTP/1.1" 200 222 "-" "PostmanRuntime/7.32.2"

info: ::1 - - [15/May/2023:07:31:47 +0000] "GET /api/v1/users/2 HTTP/1.1" 200 1308 "-" "PostmanRuntime/7.32.2"

info: ::1 - - [15/May/2023:07:36:29 +0000] "DELETE /api/v1/users/2 HTTP/1.1" 200 60 "-" "PostmanRuntime/7.32.2"

info: ::1 - - [15/May/2023:07:39:09 +0000] "GET /api/v1/users HTTP/1.1" 200 1645 "-" "PostmanRuntime/7.32.2"

info: ::1 - - [15/May/2023:07:44:51 +0000] "GET /api/v1/users HTTP/1.1" 500 60 "-" "PostmanRuntime/7.32.2"

info: ::1 - - [15/May/2023:07:45:47 +0000] "GET /api/v1/users HTTP/1.1" 500 89 "-" "PostmanRuntime/7.32.2"

info: ::1 - - [15/May/2023:07:47:27 +0000] "GET /api/v1/users HTTP/1.1" 200 395 "-" "PostmanRuntime/7.32.2"

info: ::1 - - [15/May/2023:07:48:16 +0000] "GET /api/v1/users/1 HTTP/1.1" 200 1310 "-" "PostmanRuntime/7.32.2"

info: ::1 - - [15/May/2023:07:48:28 +0000] "GET /api/v1/users/1 HTTP/1.1" 200 1310 "-" "PostmanRuntime/7.32.2"

info: ::1 - - [15/May/2023:07:49:04 +0000] "GET /api/v1/users/1 HTTP/1.1" 200 225 "-" "PostmanRuntime/7.32.2"

info: ::1 - - [15/May/2023:07:55:05 +0000] "POST /api/v1/users HTTP/1.1" 500 92 "-" "PostmanRuntime/7.32.2"

info: ::1 - - [15/May/2023:07:55:55 +0000] "POST /api/v1/users HTTP/1.1" 500 92 "-" "PostmanRuntime/7.32.2"

info: ::1 - - [15/May/2023:07:56:49 +0000] "POST /api/v1/users HTTP/1.1" 500 92 "-" "PostmanRuntime/7.32.2"

info: ::1 - - [15/May/2023:07:56:49 +0000] "POST /api/v1/users HTTP/1.1" 500 92 "-" "PostmanRuntime/7.32.2"

info: ::1 - - [15/May/2023:07:56:51 +0000] "POST /api/v1/users HTTP/1.1" 500 92 "-" "PostmanRuntime/7.32.2"

info: ::1 - - [15/May/2023:07:56:51 +0000] "POST /api/v1/users HTTP/1.1" 500 92 "-" "PostmanRuntime/7.32.2"

info: ::1 - - [15/May/2023:07:56:53 +0000] "POST /api/v1/users HTTP/1.1" 500 92 "-" "PostmanRuntime/7.32.2"

info: ::1 - - [15/May/2023:07:56:53 +0000] "POST /api/v1/users HTTP/1.1" 500 92 "-" "PostmanRuntime/7.32.2"

info: ::1 - - [15/May/2023:07:56:54 +0000] "POST /api/v1/users HTTP/1.1" 500 92 "-" "PostmanRuntime/7.32.2"

info: ::1 - - [15/May/2023:07:56:56 +0000] "POST /api/v1/users HTTP/1.1" 500 92 "-" "PostmanRuntime/7.32.2"

info: ::1 - - [15/May/2023:07:57:28 +0000] "POST /api/v1/users HTTP/1.1" 500 92 "-" "PostmanRuntime/7.32.2"

info: ::1 - - [15/May/2023:07:57:33 +0000] "POST /api/v1/users HTTP/1.1" 500 92 "-" "PostmanRuntime/7.32.2"

info: ::1 - - [15/May/2023:07:58:30 +0000] "POST /api/v1/users HTTP/1.1" 500 92 "-" "PostmanRuntime/7.32.2"

info: ::1 - - [15/May/2023:07:58:31 +0000] "POST /api/v1/users HTTP/1.1" 500 92 "-" "PostmanRuntime/7.32.2"

info: ::1 - - [15/May/2023:08:01:17 +0000] "POST /api/v1/users HTTP/1.1" 500 92 "-" "PostmanRuntime/7.32.2"

info: ::1 - - [15/May/2023:08:01:19 +0000] "POST /api/v1/users HTTP/1.1" 500 92 "-" "PostmanRuntime/7.32.2"

info: ::1 - - [15/May/2023:08:01:44 +0000] "POST /api/v1/users HTTP/1.1" 500 92 "-" "PostmanRuntime/7.32.2"

info: ::1 - - [15/May/2023:08:02:50 +0000] "POST /api/v1/users HTTP/1.1" 500 92 "-" "PostmanRuntime/7.32.2"

info: ::1 - - [15/May/2023:08:08:25 +0000] "POST /api/v1/users HTTP/1.1" 500 92 "-" "PostmanRuntime/7.32.2"

info: ::1 - - [15/May/2023:08:08:31 +0000] "POST /api/v1/users HTTP/1.1" 500 92 "-" "PostmanRuntime/7.32.2"

info: ::1 - - [15/May/2023:08:12:01 +0000] "DELETE /api/v1/users/2 HTTP/1.1" 200 60 "-" "PostmanRuntime/7.32.2"

info: ::1 - - [15/May/2023:08:12:44 +0000] "DELETE /api/v1/users/2 HTTP/1.1" 200 60 "-" "PostmanRuntime/7.32.2"

info: ::1 - - [15/May/2023:08:13:23 +0000] "POST /api/v1/users HTTP/1.1" 500 92 "-" "PostmanRuntime/7.32.2"

info: ::1 - - [15/May/2023:08:14:27 +0000] "POST /api/v1/users HTTP/1.1" 500 92 "-" "PostmanRuntime/7.32.2"

info: ::1 - - [15/May/2023:08:15:59 +0000] "POST /api/v1/users HTTP/1.1" 500 92 "-" "PostmanRuntime/7.32.2"

info: ::1 - - [15/May/2023:08:17:57 +0000] "POST /api/v1/users HTTP/1.1" 500 92 "-" "PostmanRuntime/7.32.2"

info: ::1 - - [15/May/2023:08:17:59 +0000] "POST /api/v1/users HTTP/1.1" 500 92 "-" "PostmanRuntime/7.32.2"

info: ::1 - - [15/May/2023:08:18:09 +0000] "POST /api/v1/users HTTP/1.1" 500 92 "-" "PostmanRuntime/7.32.2"

info: ::1 - - [15/May/2023:08:21:48 +0000] "POST /api/v1/users HTTP/1.1" 500 92 "-" "PostmanRuntime/7.32.2"

info: ::1 - - [15/May/2023:08:21:50 +0000] "POST /api/v1/users HTTP/1.1" 500 92 "-" "PostmanRuntime/7.32.2"

info: ::1 - - [15/May/2023:08:21:50 +0000] "POST /api/v1/users HTTP/1.1" 500 92 "-" "PostmanRuntime/7.32.2"

info: ::1 - - [15/May/2023:08:23:31 +0000] "POST /api/v1/users HTTP/1.1" 500 92 "-" "PostmanRuntime/7.32.2"

info: ::1 - - [15/May/2023:08:24:25 +0000] "POST /api/v1/users HTTP/1.1" 500 92 "-" "PostmanRuntime/7.32.2"

info: ::1 - - [15/May/2023:08:26:17 +0000] "POST /api/v1/users HTTP/1.1" 500 64 "-" "PostmanRuntime/7.32.2"

info: ::1 - - [15/May/2023:08:26:36 +0000] "POST /api/v1/users HTTP/1.1" 500 92 "-" "PostmanRuntime/7.32.2"

info: ::1 - - [15/May/2023:08:27:22 +0000] "POST /api/v1/users HTTP/1.1" 500 92 "-" "PostmanRuntime/7.32.2"

info: ::1 - - [15/May/2023:08:27:24 +0000] "POST /api/v1/users HTTP/1.1" 500 92 "-" "PostmanRuntime/7.32.2"

info: ::1 - - [15/May/2023:08:31:19 +0000] "POST /api/v1/users HTTP/1.1" 500 74 "-" "PostmanRuntime/7.32.2"

info: ::1 - - [15/May/2023:08:31:44 +0000] "POST /api/v1/users HTTP/1.1" 500 92 "-" "PostmanRuntime/7.32.2"

info: ::1 - - [15/May/2023:08:48:08 +0000] "POST /api/v1/users HTTP/1.1" 500 92 "-" "PostmanRuntime/7.32.2"

info: ::1 - - [15/May/2023:08:49:10 +0000] "POST /api/v1/users HTTP/1.1" 500 92 "-" "PostmanRuntime/7.32.2"

info: ::1 - - [15/May/2023:08:51:09 +0000] "POST /api/v1/users HTTP/1.1" 500 92 "-" "PostmanRuntime/7.32.2"

info: ::1 - - [15/May/2023:08:52:23 +0000] "POST /api/v1/users HTTP/1.1" 500 92 "-" "PostmanRuntime/7.32.2"

info: ::1 - - [15/May/2023:08:54:30 +0000] "POST /api/v1/users HTTP/1.1" 500 92 "-" "PostmanRuntime/7.32.2"

info: ::1 - - [15/May/2023:08:54:32 +0000] "POST /api/v1/users HTTP/1.1" 500 92 "-" "PostmanRuntime/7.32.2"

info: ::1 - - [15/May/2023:08:54:34 +0000] "POST /api/v1/users HTTP/1.1" 500 92 "-" "PostmanRuntime/7.32.2"

info: ::1 - - [15/May/2023:08:55:03 +0000] "POST /api/v1/users HTTP/1.1" 500 92 "-" "PostmanRuntime/7.32.2"

info: ::1 - - [15/May/2023:08:55:20 +0000] "POST /api/v1/users HTTP/1.1" 500 92 "-" "PostmanRuntime/7.32.2"

info: ::1 - - [15/May/2023:08:55:53 +0000] "POST /api/v1/users HTTP/1.1" 500 92 "-" "PostmanRuntime/7.32.2"

info: ::1 - - [15/May/2023:08:56:19 +0000] "POST /api/v1/users HTTP/1.1" 500 92 "-" "PostmanRuntime/7.32.2"

info: ::1 - - [15/May/2023:09:18:45 +0000] "POST /api/v1/users HTTP/1.1" 500 92 "-" "PostmanRuntime/7.32.2"

info: ::1 - - [15/May/2023:09:19:10 +0000] "POST /api/v1/users HTTP/1.1" 500 92 "-" "PostmanRuntime/7.32.2"

info: ::1 - - [15/May/2023:09:19:12 +0000] "POST /api/v1/users HTTP/1.1" 500 92 "-" "PostmanRuntime/7.32.2"

info: ::1 - - [15/May/2023:09:19:13 +0000] "POST /api/v1/users HTTP/1.1" 500 92 "-" "PostmanRuntime/7.32.2"

info: ::1 - - [15/May/2023:09:20:23 +0000] "POST /api/v1/users HTTP/1.1" 500 92 "-" "PostmanRuntime/7.32.2"

info: ::1 - - [15/May/2023:09:20:24 +0000] "POST /api/v1/users HTTP/1.1" 500 92 "-" "PostmanRuntime/7.32.2"

info: ::1 - - [15/May/2023:09:20:51 +0000] "POST /api/v1/users HTTP/1.1" 500 92 "-" "PostmanRuntime/7.32.2"

info: ::1 - - [15/May/2023:09:22:19 +0000] "POST /api/v1/users HTTP/1.1" 500 92 "-" "PostmanRuntime/7.32.2"

info: ::1 - - [15/May/2023:09:23:03 +0000] "POST /api/v1/users HTTP/1.1" 500 92 "-" "PostmanRuntime/7.32.2"

info: ::1 - - [15/May/2023:09:23:05 +0000] "POST /api/v1/users HTTP/1.1" 500 92 "-" "PostmanRuntime/7.32.2"

info: ::1 - - [15/May/2023:09:34:38 +0000] "POST /api/v1/users HTTP/1.1" 500 92 "-" "PostmanRuntime/7.32.2"

info: ::1 - - [15/May/2023:09:34:39 +0000] "POST /api/v1/users HTTP/1.1" 500 92 "-" "PostmanRuntime/7.32.2"

info: ::1 - - [15/May/2023:09:34:41 +0000] "POST /api/v1/users HTTP/1.1" 500 92 "-" "PostmanRuntime/7.32.2"

info: ::1 - - [15/May/2023:09:36:44 +0000] "POST /api/v1/users HTTP/1.1" 500 92 "-" "PostmanRuntime/7.32.2"

info: ::1 - - [15/May/2023:09:36:46 +0000] "POST /api/v1/users HTTP/1.1" 500 92 "-" "PostmanRuntime/7.32.2"

info: ::1 - - [15/May/2023:09:36:47 +0000] "POST /api/v1/users HTTP/1.1" 500 92 "-" "PostmanRuntime/7.32.2"

info: ::1 - - [15/May/2023:09:40:24 +0000] "POST /api/v1/users HTTP/1.1" 500 92 "-" "PostmanRuntime/7.32.2"

info: ::1 - - [15/May/2023:09:40:25 +0000] "POST /api/v1/users HTTP/1.1" 500 92 "-" "PostmanRuntime/7.32.2"

info: ::1 - - [15/May/2023:09:41:05 +0000] "POST /api/v1/users HTTP/1.1" 500 92 "-" "PostmanRuntime/7.32.2"

info: ::1 - - [15/May/2023:09:42:19 +0000] "POST /api/v1/users HTTP/1.1" 500 92 "-" "PostmanRuntime/7.32.2"

info: ::1 - - [15/May/2023:09:42:20 +0000] "POST /api/v1/users HTTP/1.1" 500 92 "-" "PostmanRuntime/7.32.2"

info: ::1 - - [15/May/2023:09:42:52 +0000] "POST /api/v1/users HTTP/1.1" 500 92 "-" "PostmanRuntime/7.32.2"

info: ::1 - - [15/May/2023:09:43:41 +0000] "POST /api/v1/users HTTP/1.1" 500 92 "-" "PostmanRuntime/7.32.2"

info: ::1 - - [15/May/2023:09:44:59 +0000] "POST /api/v1/users HTTP/1.1" 500 92 "-" "PostmanRuntime/7.32.2"

info: ::1 - - [15/May/2023:09:45:01 +0000] "POST /api/v1/users HTTP/1.1" 500 92 "-" "PostmanRuntime/7.32.2"

info: ::1 - - [15/May/2023:09:47:34 +0000] "POST /api/v1/users HTTP/1.1" 500 92 "-" "PostmanRuntime/7.32.2"

info: ::1 - - [15/May/2023:09:47:35 +0000] "POST /api/v1/users HTTP/1.1" 500 92 "-" "PostmanRuntime/7.32.2"

info: ::1 - - [15/May/2023:09:47:38 +0000] "POST /api/v1/users HTTP/1.1" 500 92 "-" "PostmanRuntime/7.32.2"

info: ::1 - - [15/May/2023:09:50:30 +0000] "POST /api/v1/users HTTP/1.1" 500 92 "-" "PostmanRuntime/7.32.2"

info: ::1 - - [15/May/2023:09:50:32 +0000] "POST /api/v1/users HTTP/1.1" 500 92 "-" "PostmanRuntime/7.32.2"

info: ::1 - - [15/May/2023:09:55:14 +0000] "PUT /api/v1/users/2 HTTP/1.1" 202 149 "-" "PostmanRuntime/7.32.2"

info: ::1 - - [15/May/2023:09:57:50 +0000] "GET /api/v1/users/2 HTTP/1.1" 200 224 "-" "PostmanRuntime/7.32.2"

info: ::1 - - [15/May/2023:09:58:05 +0000] "GET /api/v1/users/2 HTTP/1.1" 200 224 "-" "PostmanRuntime/7.32.2"

info: ::1 - - [15/May/2023:10:39:00 +0000] "GET /api/v1/users/2 HTTP/1.1" 200 224 "-" "PostmanRuntime/7.32.2"

info: ::1 - - [15/May/2023:10:39:13 +0000] "POST /api/v1/users HTTP/1.1" 500 92 "-" "PostmanRuntime/7.32.2"

info: ::1 - - [15/May/2023:10:41:20 +0000] "POST /api/v1/users HTTP/1.1" 500 92 "-" "PostmanRuntime/7.32.2"

info: ::1 - - [15/May/2023:10:42:00 +0000] "POST /api/v1/users HTTP/1.1" 500 92 "-" "PostmanRuntime/7.32.2"

info: ::1 - - [15/May/2023:10:43:03 +0000] "POST /api/v1/users HTTP/1.1" 500 92 "-" "PostmanRuntime/7.32.2"

info: ::1 - - [15/May/2023:10:46:44 +0000] "DELETE /api/v1/users/23 HTTP/1.1" 200 60 "-" "PostmanRuntime/7.32.2"

info: ::1 - - [15/May/2023:10:47:53 +0000] "DELETE /api/v1/users/23 HTTP/1.1" 200 60 "-" "PostmanRuntime/7.32.2"

info: ::1 - - [15/May/2023:10:47:55 +0000] "DELETE /api/v1/users/23 HTTP/1.1" 200 60 "-" "PostmanRuntime/7.32.2"

info: ::1 - - [15/May/2023:10:49:41 +0000] "DELETE /api/v1/users/23 HTTP/1.1" 200 60 "-" "PostmanRuntime/7.32.2"

info: ::1 - - [15/May/2023:10:49:44 +0000] "DELETE /api/v1/users/23 HTTP/1.1" 200 60 "-" "PostmanRuntime/7.32.2"

info: ::1 - - [15/May/2023:10:51:01 +0000] "POST /api/v1/users HTTP/1.1" 500 92 "-" "PostmanRuntime/7.32.2"

info: ::1 - - [15/May/2023:11:00:52 +0000] "POST /api/v1/users HTTP/1.1" 500 92 "-" "PostmanRuntime/7.32.2"

info: ::1 - - [15/May/2023:11:00:54 +0000] "POST /api/v1/users HTTP/1.1" 500 92 "-" "PostmanRuntime/7.32.2"

